<?xml version="1.0" encoding="UTF-8"?>
<!-- Generated by org.testng.reporters.JUnitXMLReporter -->
<testsuite hostname="LAPTOP-15I83TBR" ignored="0" name="Checking forgot passsword with invalid credentials" tests="1" failures="0" timestamp="25 Mar 2017 17:56:34 GMT" time="15.374" errors="0">
  <testcase name="checkForgotPasswordWithInvalidCredentials" time="7.605" classname="SeleniumTests.CheckForgotPasswordWithInvalidCredentials"/>
</testsuite> <!-- Checking forgot passsword with invalid credentials -->
